#
# There is insufficient memory for the Java Runtime Environment to continue.
# Native memory allocation (malloc) failed to allocate 32744 bytes for ChunkPool::allocate
# Possible reasons:
#   The system is out of physical RAM or swap space
#   The process is running with CompressedOops enabled, and the Java Heap may be blocking the growth of the native heap
# Possible solutions:
#   Reduce memory load on the system
#   Increase physical memory or swap space
#   Check if swap backing store is full
#   Decrease Java heap size (-Xmx/-Xms)
#   Decrease number of Java threads
#   Decrease Java thread stack sizes (-Xss)
#   Set larger code cache with -XX:ReservedCodeCacheSize=
#   JVM is running with Zero Based Compressed Oops mode in which the Java heap is
#     placed in the first 32GB address space. The Java Heap base address is the
#     maximum limit for the native heap growth. Please use -XX:HeapBaseMinAddress
#     to set the Java Heap base and to place the Java Heap above 32GB virtual address.
# This output file may be truncated or incomplete.
#
#  Out of Memory Error (./src/hotspot/share/memory/arena.cpp:79), pid=17792, tid=3496
#
# JRE version: OpenJDK Runtime Environment Zulu14.29+23-CA (14.0.2+12) (build 14.0.2+12)
# Java VM: OpenJDK 64-Bit Server VM Zulu14.29+23-CA (14.0.2+12, mixed mode, sharing, tiered, compressed oops, g1 gc, windows-amd64)
# No core dump will be written. Minidumps are not enabled by default on client versions of Windows
#

---------------  S U M M A R Y ------------

Command Line: --add-modules=javafx.controls,javafx.fxml,javafx.media --module-path=C:\Users\jacki\.gradle\caches\modules-2\files-2.1\org.openjfx\javafx-fxml\13\ee55786ffd820bb7c8dd43d127a54b1141639e29\javafx-fxml-13-win.jar;C:\Users\jacki\.gradle\caches\modules-2\files-2.1\org.openjfx\javafx-controls\13\7524fd4ab57de51637adb0e99f0220a1ae0ae4dd\javafx-controls-13-win.jar;C:\Users\jacki\.gradle\caches\modules-2\files-2.1\org.openjfx\javafx-media\13\fbdd1014600563e9f8950f8ba3d52264966e5c7b\javafx-media-13-win.jar;C:\Users\jacki\.gradle\caches\modules-2\files-2.1\org.openjfx\javafx-graphics\13\bbcbc616702a086567585183efcb0ab8eb22a66b\javafx-graphics-13-win.jar;C:\Users\jacki\.gradle\caches\modules-2\files-2.1\org.openjfx\javafx-base\13\6386f02a2b71d8b503c6ca3cd2d2dcb382ce86b4\javafx-base-13-win.jar -Dfile.encoding=windows-1252 -Duser.country=US -Duser.language=en -Duser.variant App

Host: Intel(R) Core(TM) i5-1035G1 CPU @ 1.00GHz, 8 cores, 15G,  Windows 10 , 64 bit Build 19041 (10.0.19041.928)
Time: Mon Apr 26 21:50:53 2021 Eastern Daylight Time elapsed time: 49 seconds (0d 0h 0m 49s)

---------------  T H R E A D  ---------------

Current thread (0x0000020a29465800):  JavaThread "C1 CompilerThread0" daemon [_thread_in_native, id=3496, stack(0x000000d0aa500000,0x000000d0aa600000)]


Current CompileTask:
C1:  49391 3004   !   3       com.sun.javafx.tk.quantum.PresentingPainter::run (675 bytes)

Stack: [0x000000d0aa500000,0x000000d0aa600000]
Native frames: (J=compiled Java code, j=interpreted, Vv=VM code, C=native code)
V  [jvm.dll+0x5fd74a]
V  [jvm.dll+0x79792a]
V  [jvm.dll+0x7990df]
V  [jvm.dll+0x799723]
V  [jvm.dll+0x20f108]
V  [jvm.dll+0xad1e6]
V  [jvm.dll+0xad53c]
V  [jvm.dll+0xff046]
V  [jvm.dll+0x160143]
V  [jvm.dll+0x160833]
V  [jvm.dll+0x119e95]
V  [jvm.dll+0x11970f]
V  [jvm.dll+0x11993f]
V  [jvm.dll+0x118bc4]
V  [jvm.dll+0x11ab17]
V  [jvm.dll+0x1f5f55]
V  [jvm.dll+0x1f413b]
V  [jvm.dll+0x75c47d]
V  [jvm.dll+0x75528a]
V  [jvm.dll+0x5fc5a6]
C  [ucrtbase.dll+0x21bb2]
C  [KERNEL32.DLL+0x17034]
C  [ntdll.dll+0x52651]


---------------  P R O C E S S  ---------------

Threads class SMR info:
_java_thread_list=0x0000020a2a448ac0, length=18, elements={
0x0000020a04c70800, 0x0000020a2942b800, 0x0000020a2942e800, 0x0000020a29450800,
0x0000020a29451800, 0x0000020a29454000, 0x0000020a2945e000, 0x0000020a29465800,
0x0000020a2946f000, 0x0000020a29420800, 0x0000020a2979c800, 0x0000020a29d1f000,
0x0000020a29f7d000, 0x0000020a2a258800, 0x0000020a2a25d000, 0x0000020a2a47c000,
0x0000020a2a6f0800, 0x0000020a30c60000
}

Java Threads: ( => current thread )
  0x0000020a04c70800 JavaThread "main" [_thread_blocked, id=2408, stack(0x000000d0a9800000,0x000000d0a9900000)]
  0x0000020a2942b800 JavaThread "Reference Handler" daemon [_thread_blocked, id=27524, stack(0x000000d0a9f00000,0x000000d0aa000000)]
  0x0000020a2942e800 JavaThread "Finalizer" daemon [_thread_blocked, id=11308, stack(0x000000d0aa000000,0x000000d0aa100000)]
  0x0000020a29450800 JavaThread "Signal Dispatcher" daemon [_thread_blocked, id=3832, stack(0x000000d0aa100000,0x000000d0aa200000)]
  0x0000020a29451800 JavaThread "Attach Listener" daemon [_thread_blocked, id=6800, stack(0x000000d0aa200000,0x000000d0aa300000)]
  0x0000020a29454000 JavaThread "Service Thread" daemon [_thread_blocked, id=26156, stack(0x000000d0aa300000,0x000000d0aa400000)]
  0x0000020a2945e000 JavaThread "C2 CompilerThread0" daemon [_thread_in_native, id=27544, stack(0x000000d0aa400000,0x000000d0aa500000)]
=>0x0000020a29465800 JavaThread "C1 CompilerThread0" daemon [_thread_in_native, id=3496, stack(0x000000d0aa500000,0x000000d0aa600000)]
  0x0000020a2946f000 JavaThread "Sweeper thread" daemon [_thread_blocked, id=7940, stack(0x000000d0aa600000,0x000000d0aa700000)]
  0x0000020a29420800 JavaThread "Common-Cleaner" daemon [_thread_blocked, id=12748, stack(0x000000d0aa700000,0x000000d0aa800000)]
  0x0000020a2979c800 JavaThread "Notification Thread" daemon [_thread_blocked, id=21316, stack(0x000000d0aaa00000,0x000000d0aab00000)]
  0x0000020a29d1f000 JavaThread "JavaFX-Launcher" [_thread_blocked, id=22256, stack(0x000000d0aac00000,0x000000d0aad00000)]
  0x0000020a29f7d000 JavaThread "QuantumRenderer-0" daemon [_thread_blocked, id=10752, stack(0x000000d0aad00000,0x000000d0aae00000)]
  0x0000020a2a258800 JavaThread "InvokeLaterDispatcher" daemon [_thread_blocked, id=9116, stack(0x000000d0aa900000,0x000000d0aaa00000)]
  0x0000020a2a25d000 JavaThread "JavaFX Application Thread" [_thread_in_vm, id=11024, stack(0x000000d0aae00000,0x000000d0aaf00000)]
  0x0000020a2a47c000 JavaThread "Thread-2" daemon [_thread_in_native, id=1428, stack(0x000000d0ab200000,0x000000d0ab300000)]
  0x0000020a2a6f0800 JavaThread "Prism Font Disposer" daemon [_thread_blocked, id=13816, stack(0x000000d0abb00000,0x000000d0abc00000)]
  0x0000020a30c60000 JavaThread "Cleaner-0" daemon [_thread_blocked, id=24752, stack(0x000000d0abc00000,0x000000d0abd00000)]

Other Threads:
  0x0000020a29429800 VMThread "VM Thread" [stack: 0x000000d0a9e00000,0x000000d0a9f00000] [id=1692]
  0x0000020a29d7b800 WatcherThread [stack: 0x000000d0aab00000,0x000000d0aac00000] [id=6848]
  0x0000020a04cd7800 GCTaskThread "GC Thread#0" [stack: 0x000000d0a9900000,0x000000d0a9a00000] [id=23164]
  0x0000020a2a571800 GCTaskThread "GC Thread#1" [stack: 0x000000d0ab300000,0x000000d0ab400000] [id=13076]
  0x0000020a2a5a7000 GCTaskThread "GC Thread#2" [stack: 0x000000d0ab400000,0x000000d0ab500000] [id=13040]
  0x0000020a2a5a8000 GCTaskThread "GC Thread#3" [stack: 0x000000d0ab500000,0x000000d0ab600000] [id=26932]
  0x0000020a2a58b000 GCTaskThread "GC Thread#4" [stack: 0x000000d0ab600000,0x000000d0ab700000] [id=20904]
  0x0000020a2a59e800 GCTaskThread "GC Thread#5" [stack: 0x000000d0ab700000,0x000000d0ab800000] [id=20744]
  0x0000020a04cf8800 ConcurrentGCThread "G1 Main Marker" [stack: 0x000000d0a9a00000,0x000000d0a9b00000] [id=6908]
  0x0000020a04cf9800 ConcurrentGCThread "G1 Conc#0" [stack: 0x000000d0a9b00000,0x000000d0a9c00000] [id=5664]
  0x0000020a28764800 ConcurrentGCThread "G1 Refine#0" [stack: 0x000000d0a9c00000,0x000000d0a9d00000] [id=21936]
  0x0000020a28765800 ConcurrentGCThread "G1 Young RemSet Sampling" [stack: 0x000000d0a9d00000,0x000000d0a9e00000] [id=3288]

Threads with active compile tasks:
C2 CompilerThread0    49514 3036       4       java.util.WeakHashMap::putAll (133 bytes)
C1 CompilerThread0    49514 3004   !   3       com.sun.javafx.tk.quantum.PresentingPainter::run (675 bytes)

VM state:not at safepoint (normal execution)

VM Mutex/Monitor currently owned by a thread: None

Heap address: 0x0000000703e00000, size: 4034 MB, Compressed Oops mode: Zero based, Oop shift amount: 3
Narrow klass base: 0x0000000800000000, Narrow klass shift: 3
Compressed class space size: 1073741824 Address: 0x0000000800b40000

Heap:
 garbage-first heap   total 260096K, used 182810K [0x0000000703e00000, 0x0000000800000000)
  region size 1024K, 77 young (78848K), 5 survivors (5120K)
 Metaspace       used 14468K, capacity 15274K, committed 15488K, reserved 1062912K
  class space    used 1859K, capacity 2088K, committed 2176K, reserved 1048576K
Heap Regions: E=young(eden), S=young(survivor), O=old, HS=humongous(starts), HC=humongous(continues), CS=collection set, F=free, OA=open archive, CA=closed archive, TAMS=top-at-mark-start (previous, next)
|   0|0x0000000703e00000, 0x0000000703f00000, 0x0000000703f00000|100%| O|  |TAMS 0x0000000703e00000, 0x0000000703e00000| Untracked 
|   1|0x0000000703f00000, 0x0000000704000000, 0x0000000704000000|100%|HS|  |TAMS 0x0000000703f00000, 0x0000000703f00000| Complete 
|   2|0x0000000704000000, 0x0000000704100000, 0x0000000704100000|100%|HC|  |TAMS 0x0000000704000000, 0x0000000704000000| Complete 
|   3|0x0000000704100000, 0x0000000704200000, 0x0000000704200000|100%|HC|  |TAMS 0x0000000704100000, 0x0000000704100000| Complete 
|   4|0x0000000704200000, 0x0000000704300000, 0x0000000704300000|100%|HC|  |TAMS 0x0000000704200000, 0x0000000704200000| Complete 
|   5|0x0000000704300000, 0x0000000704400000, 0x0000000704400000|100%|HC|  |TAMS 0x0000000704300000, 0x0000000704300000| Complete 
|   6|0x0000000704400000, 0x0000000704500000, 0x0000000704500000|100%|HC|  |TAMS 0x0000000704400000, 0x0000000704400000| Complete 
|   7|0x0000000704500000, 0x0000000704600000, 0x0000000704600000|100%|HC|  |TAMS 0x0000000704500000, 0x0000000704500000| Complete 
|   8|0x0000000704600000, 0x0000000704700000, 0x0000000704700000|100%|HC|  |TAMS 0x0000000704600000, 0x0000000704600000| Complete 
|   9|0x0000000704700000, 0x0000000704800000, 0x0000000704800000|100%|HC|  |TAMS 0x0000000704700000, 0x0000000704700000| Complete 
|  10|0x0000000704800000, 0x0000000704900000, 0x0000000704900000|100%|HC|  |TAMS 0x0000000704800000, 0x0000000704800000| Complete 
|  11|0x0000000704900000, 0x0000000704a00000, 0x0000000704a00000|100%|HS|  |TAMS 0x0000000704900000, 0x0000000704900000| Complete 
|  12|0x0000000704a00000, 0x0000000704b00000, 0x0000000704b00000|100%|HC|  |TAMS 0x0000000704a00000, 0x0000000704a00000| Complete 
|  13|0x0000000704b00000, 0x0000000704c00000, 0x0000000704c00000|100%|HS|  |TAMS 0x0000000704b00000, 0x0000000704b00000| Complete 
|  14|0x0000000704c00000, 0x0000000704d00000, 0x0000000704d00000|100%|HC|  |TAMS 0x0000000704c00000, 0x0000000704c00000| Complete 
|  15|0x0000000704d00000, 0x0000000704e00000, 0x0000000704e00000|100%|HS|  |TAMS 0x0000000704d00000, 0x0000000704d00000| Complete 
|  16|0x0000000704e00000, 0x0000000704f00000, 0x0000000704f00000|100%|HC|  |TAMS 0x0000000704e00000, 0x0000000704e00000| Complete 
|  17|0x0000000704f00000, 0x0000000705000000, 0x0000000705000000|100%|HC|  |TAMS 0x0000000704f00000, 0x0000000704f00000| Complete 
|  18|0x0000000705000000, 0x0000000705100000, 0x0000000705100000|100%|HC|  |TAMS 0x0000000705000000, 0x0000000705000000| Complete 
|  19|0x0000000705100000, 0x0000000705200000, 0x0000000705200000|100%| O|  |TAMS 0x0000000705100000, 0x0000000705100000| Untracked 
|  20|0x0000000705200000, 0x0000000705300000, 0x0000000705300000|100%| O|  |TAMS 0x0000000705200000, 0x0000000705200000| Untracked 
|  21|0x0000000705300000, 0x0000000705400000, 0x0000000705400000|100%| O|  |TAMS 0x0000000705300000, 0x0000000705300000| Untracked 
|  22|0x0000000705400000, 0x0000000705500000, 0x0000000705500000|100%| O|  |TAMS 0x0000000705400000, 0x0000000705400000| Untracked 
|  23|0x0000000705500000, 0x0000000705600000, 0x0000000705600000|100%| O|  |TAMS 0x0000000705500000, 0x0000000705500000| Untracked 
|  24|0x0000000705600000, 0x0000000705700000, 0x0000000705700000|100%| O|  |TAMS 0x0000000705600000, 0x0000000705600000| Untracked 
|  25|0x0000000705700000, 0x0000000705800000, 0x0000000705800000|100%| O|  |TAMS 0x0000000705700000, 0x0000000705700000| Untracked 
|  26|0x0000000705800000, 0x0000000705886800, 0x0000000705900000| 52%| O|  |TAMS 0x0000000705800000, 0x0000000705800000| Untracked 
|  27|0x0000000705900000, 0x0000000705a00000, 0x0000000705a00000|100%|HS|  |TAMS 0x0000000705900000, 0x0000000705900000| Complete 
|  28|0x0000000705a00000, 0x0000000705b00000, 0x0000000705b00000|100%|HS|  |TAMS 0x0000000705a00000, 0x0000000705a00000| Complete 
|  29|0x0000000705b00000, 0x0000000705c00000, 0x0000000705c00000|100%|HS|  |TAMS 0x0000000705b00000, 0x0000000705b00000| Complete 
|  30|0x0000000705c00000, 0x0000000705d00000, 0x0000000705d00000|100%|HS|  |TAMS 0x0000000705c00000, 0x0000000705c00000| Complete 
|  31|0x0000000705d00000, 0x0000000705e00000, 0x0000000705e00000|100%|HS|  |TAMS 0x0000000705d00000, 0x0000000705d00000| Complete 
|  32|0x0000000705e00000, 0x0000000705f00000, 0x0000000705f00000|100%|HS|  |TAMS 0x0000000705e00000, 0x0000000705e00000| Complete 
|  33|0x0000000705f00000, 0x0000000706000000, 0x0000000706000000|100%|HS|  |TAMS 0x0000000705f00000, 0x0000000705f00000| Complete 
|  34|0x0000000706000000, 0x0000000706100000, 0x0000000706100000|100%|HS|  |TAMS 0x0000000706000000, 0x0000000706000000| Complete 
|  35|0x0000000706100000, 0x0000000706200000, 0x0000000706200000|100%|HS|  |TAMS 0x0000000706100000, 0x0000000706100000| Complete 
|  36|0x0000000706200000, 0x0000000706300000, 0x0000000706300000|100%|HS|  |TAMS 0x0000000706200000, 0x0000000706200000| Complete 
|  37|0x0000000706300000, 0x0000000706400000, 0x0000000706400000|100%|HS|  |TAMS 0x0000000706300000, 0x0000000706300000| Complete 
|  38|0x0000000706400000, 0x0000000706500000, 0x0000000706500000|100%|HS|  |TAMS 0x0000000706400000, 0x0000000706400000| Complete 
|  39|0x0000000706500000, 0x0000000706600000, 0x0000000706600000|100%|HS|  |TAMS 0x0000000706500000, 0x0000000706500000| Complete 
|  40|0x0000000706600000, 0x0000000706700000, 0x0000000706700000|100%|HS|  |TAMS 0x0000000706600000, 0x0000000706600000| Complete 
|  41|0x0000000706700000, 0x0000000706800000, 0x0000000706800000|100%|HS|  |TAMS 0x0000000706700000, 0x0000000706700000| Complete 
|  42|0x0000000706800000, 0x0000000706900000, 0x0000000706900000|100%|HS|  |TAMS 0x0000000706800000, 0x0000000706800000| Complete 
|  43|0x0000000706900000, 0x0000000706a00000, 0x0000000706a00000|100%|HS|  |TAMS 0x0000000706900000, 0x0000000706900000| Complete 
|  44|0x0000000706a00000, 0x0000000706b00000, 0x0000000706b00000|100%|HS|  |TAMS 0x0000000706a00000, 0x0000000706a00000| Complete 
|  45|0x0000000706b00000, 0x0000000706c00000, 0x0000000706c00000|100%|HC|  |TAMS 0x0000000706b00000, 0x0000000706b00000| Complete 
|  46|0x0000000706c00000, 0x0000000706d00000, 0x0000000706d00000|100%|HS|  |TAMS 0x0000000706c00000, 0x0000000706c00000| Complete 
|  47|0x0000000706d00000, 0x0000000706e00000, 0x0000000706e00000|100%|HC|  |TAMS 0x0000000706d00000, 0x0000000706d00000| Complete 
|  48|0x0000000706e00000, 0x0000000706f00000, 0x0000000706f00000|100%|HS|  |TAMS 0x0000000706e00000, 0x0000000706e00000| Complete 
|  49|0x0000000706f00000, 0x0000000707000000, 0x0000000707000000|100%|HC|  |TAMS 0x0000000706f00000, 0x0000000706f00000| Complete 
|  50|0x0000000707000000, 0x0000000707100000, 0x0000000707100000|100%|HC|  |TAMS 0x0000000707000000, 0x0000000707000000| Complete 
|  51|0x0000000707100000, 0x0000000707200000, 0x0000000707200000|100%|HC|  |TAMS 0x0000000707100000, 0x0000000707100000| Complete 
|  52|0x0000000707200000, 0x0000000707300000, 0x0000000707300000|100%|HC|  |TAMS 0x0000000707200000, 0x0000000707200000| Complete 
|  53|0x0000000707300000, 0x0000000707400000, 0x0000000707400000|100%|HC|  |TAMS 0x0000000707300000, 0x0000000707300000| Complete 
|  54|0x0000000707400000, 0x0000000707500000, 0x0000000707500000|100%|HC|  |TAMS 0x0000000707400000, 0x0000000707400000| Complete 
|  55|0x0000000707500000, 0x0000000707600000, 0x0000000707600000|100%|HC|  |TAMS 0x0000000707500000, 0x0000000707500000| Complete 
|  56|0x0000000707600000, 0x0000000707700000, 0x0000000707700000|100%|HC|  |TAMS 0x0000000707600000, 0x0000000707600000| Complete 
|  57|0x0000000707700000, 0x0000000707800000, 0x0000000707800000|100%|HC|  |TAMS 0x0000000707700000, 0x0000000707700000| Complete 
|  58|0x0000000707800000, 0x0000000707900000, 0x0000000707900000|100%|HC|  |TAMS 0x0000000707800000, 0x0000000707800000| Complete 
|  59|0x0000000707900000, 0x0000000707a00000, 0x0000000707a00000|100%|HC|  |TAMS 0x0000000707900000, 0x0000000707900000| Complete 
|  60|0x0000000707a00000, 0x0000000707b00000, 0x0000000707b00000|100%|HC|  |TAMS 0x0000000707a00000, 0x0000000707a00000| Complete 
|  61|0x0000000707b00000, 0x0000000707c00000, 0x0000000707c00000|100%|HC|  |TAMS 0x0000000707b00000, 0x0000000707b00000| Complete 
|  62|0x0000000707c00000, 0x0000000707d00000, 0x0000000707d00000|100%|HC|  |TAMS 0x0000000707c00000, 0x0000000707c00000| Complete 
|  63|0x0000000707d00000, 0x0000000707e00000, 0x0000000707e00000|100%|HC|  |TAMS 0x0000000707d00000, 0x0000000707d00000| Complete 
|  64|0x0000000707e00000, 0x0000000707f00000, 0x0000000707f00000|100%|HC|  |TAMS 0x0000000707e00000, 0x0000000707e00000| Complete 
|  65|0x0000000707f00000, 0x0000000708000000, 0x0000000708000000|100%|HC|  |TAMS 0x0000000707f00000, 0x0000000707f00000| Complete 
|  66|0x0000000708000000, 0x0000000708100000, 0x0000000708100000|100%|HC|  |TAMS 0x0000000708000000, 0x0000000708000000| Complete 
|  67|0x0000000708100000, 0x0000000708200000, 0x0000000708200000|100%|HC|  |TAMS 0x0000000708100000, 0x0000000708100000| Complete 
|  68|0x0000000708200000, 0x0000000708300000, 0x0000000708300000|100%|HC|  |TAMS 0x0000000708200000, 0x0000000708200000| Complete 
|  69|0x0000000708300000, 0x0000000708400000, 0x0000000708400000|100%|HC|  |TAMS 0x0000000708300000, 0x0000000708300000| Complete 
|  70|0x0000000708400000, 0x0000000708500000, 0x0000000708500000|100%|HC|  |TAMS 0x0000000708400000, 0x0000000708400000| Complete 
|  71|0x0000000708500000, 0x0000000708600000, 0x0000000708600000|100%|HC|  |TAMS 0x0000000708500000, 0x0000000708500000| Complete 
|  72|0x0000000708600000, 0x0000000708700000, 0x0000000708700000|100%|HC|  |TAMS 0x0000000708600000, 0x0000000708600000| Complete 
|  73|0x0000000708700000, 0x0000000708800000, 0x0000000708800000|100%|HC|  |TAMS 0x0000000708700000, 0x0000000708700000| Complete 
|  74|0x0000000708800000, 0x0000000708900000, 0x0000000708900000|100%|HC|  |TAMS 0x0000000708800000, 0x0000000708800000| Complete 
|  75|0x0000000708900000, 0x0000000708a00000, 0x0000000708a00000|100%|HC|  |TAMS 0x0000000708900000, 0x0000000708900000| Complete 
|  76|0x0000000708a00000, 0x0000000708b00000, 0x0000000708b00000|100%|HC|  |TAMS 0x0000000708a00000, 0x0000000708a00000| Complete 
|  77|0x0000000708b00000, 0x0000000708c00000, 0x0000000708c00000|100%|HC|  |TAMS 0x0000000708b00000, 0x0000000708b00000| Complete 
|  78|0x0000000708c00000, 0x0000000708d00000, 0x0000000708d00000|100%|HC|  |TAMS 0x0000000708c00000, 0x0000000708c00000| Complete 
|  79|0x0000000708d00000, 0x0000000708e00000, 0x0000000708e00000|100%|HC|  |TAMS 0x0000000708d00000, 0x0000000708d00000| Complete 
|  80|0x0000000708e00000, 0x0000000708f00000, 0x0000000708f00000|100%|HC|  |TAMS 0x0000000708e00000, 0x0000000708e00000| Complete 
|  81|0x0000000708f00000, 0x0000000709000000, 0x0000000709000000|100%|HS|  |TAMS 0x0000000708f00000, 0x0000000708f00000| Complete 
|  82|0x0000000709000000, 0x0000000709100000, 0x0000000709100000|100%|HS|  |TAMS 0x0000000709000000, 0x0000000709000000| Complete 
|  83|0x0000000709100000, 0x0000000709200000, 0x0000000709200000|100%|HS|  |TAMS 0x0000000709100000, 0x0000000709100000| Complete 
|  84|0x0000000709200000, 0x0000000709300000, 0x0000000709300000|100%|HS|  |TAMS 0x0000000709200000, 0x0000000709200000| Complete 
|  85|0x0000000709300000, 0x0000000709400000, 0x0000000709400000|100%|HS|  |TAMS 0x0000000709300000, 0x0000000709300000| Complete 
|  86|0x0000000709400000, 0x0000000709500000, 0x0000000709500000|100%|HS|  |TAMS 0x0000000709400000, 0x0000000709400000| Complete 
|  87|0x0000000709500000, 0x0000000709600000, 0x0000000709600000|100%|HS|  |TAMS 0x0000000709500000, 0x0000000709500000| Complete 
|  88|0x0000000709600000, 0x0000000709700000, 0x0000000709700000|100%|HS|  |TAMS 0x0000000709600000, 0x0000000709600000| Complete 
|  89|0x0000000709700000, 0x0000000709800000, 0x0000000709800000|100%|HS|  |TAMS 0x0000000709700000, 0x0000000709700000| Complete 
|  90|0x0000000709800000, 0x0000000709900000, 0x0000000709900000|100%|HS|  |TAMS 0x0000000709800000, 0x0000000709800000| Complete 
|  91|0x0000000709900000, 0x0000000709a00000, 0x0000000709a00000|100%|HS|  |TAMS 0x0000000709900000, 0x0000000709900000| Complete 
|  92|0x0000000709a00000, 0x0000000709b00000, 0x0000000709b00000|100%|HS|  |TAMS 0x0000000709a00000, 0x0000000709a00000| Complete 
|  93|0x0000000709b00000, 0x0000000709c00000, 0x0000000709c00000|100%|HS|  |TAMS 0x0000000709b00000, 0x0000000709b00000| Complete 
|  94|0x0000000709c00000, 0x0000000709d00000, 0x0000000709d00000|100%|HS|  |TAMS 0x0000000709c00000, 0x0000000709c00000| Complete 
|  95|0x0000000709d00000, 0x0000000709e00000, 0x0000000709e00000|100%|HS|  |TAMS 0x0000000709d00000, 0x0000000709d00000| Complete 
|  96|0x0000000709e00000, 0x0000000709f00000, 0x0000000709f00000|100%|HS|  |TAMS 0x0000000709e00000, 0x0000000709e00000| Complete 
|  97|0x0000000709f00000, 0x000000070a000000, 0x000000070a000000|100%|HS|  |TAMS 0x0000000709f00000, 0x0000000709f00000| Complete 
|  98|0x000000070a000000, 0x000000070a100000, 0x000000070a100000|100%|HS|  |TAMS 0x000000070a000000, 0x000000070a000000| Complete 
|  99|0x000000070a100000, 0x000000070a200000, 0x000000070a200000|100%|HC|  |TAMS 0x000000070a100000, 0x000000070a100000| Complete 
| 100|0x000000070a200000, 0x000000070a300000, 0x000000070a300000|100%|HS|  |TAMS 0x000000070a200000, 0x000000070a200000| Complete 
| 101|0x000000070a300000, 0x000000070a400000, 0x000000070a400000|100%|HC|  |TAMS 0x000000070a300000, 0x000000070a300000| Complete 
| 102|0x000000070a400000, 0x000000070a500000, 0x000000070a500000|100%|HS|  |TAMS 0x000000070a400000, 0x000000070a400000| Complete 
| 103|0x000000070a500000, 0x000000070a600000, 0x000000070a600000|100%|HC|  |TAMS 0x000000070a500000, 0x000000070a500000| Complete 
| 104|0x000000070a600000, 0x000000070a600000, 0x000000070a700000|  0%| F|  |TAMS 0x000000070a600000, 0x000000070a600000| Untracked 
| 105|0x000000070a700000, 0x000000070a700000, 0x000000070a800000|  0%| F|  |TAMS 0x000000070a700000, 0x000000070a700000| Untracked 
| 106|0x000000070a800000, 0x000000070a800000, 0x000000070a900000|  0%| F|  |TAMS 0x000000070a800000, 0x000000070a800000| Untracked 
| 107|0x000000070a900000, 0x000000070a900000, 0x000000070aa00000|  0%| F|  |TAMS 0x000000070a900000, 0x000000070a900000| Untracked 
| 108|0x000000070aa00000, 0x000000070aa00000, 0x000000070ab00000|  0%| F|  |TAMS 0x000000070aa00000, 0x000000070aa00000| Untracked 
| 109|0x000000070ab00000, 0x000000070ab00000, 0x000000070ac00000|  0%| F|  |TAMS 0x000000070ab00000, 0x000000070ab00000| Untracked 
| 110|0x000000070ac00000, 0x000000070ac00000, 0x000000070ad00000|  0%| F|  |TAMS 0x000000070ac00000, 0x000000070ac00000| Untracked 
| 111|0x000000070ad00000, 0x000000070ad00000, 0x000000070ae00000|  0%| F|  |TAMS 0x000000070ad00000, 0x000000070ad00000| Untracked 
| 112|0x000000070ae00000, 0x000000070ae00000, 0x000000070af00000|  0%| F|  |TAMS 0x000000070ae00000, 0x000000070ae00000| Untracked 
| 113|0x000000070af00000, 0x000000070af00000, 0x000000070b000000|  0%| F|  |TAMS 0x000000070af00000, 0x000000070af00000| Untracked 
| 114|0x000000070b000000, 0x000000070b000000, 0x000000070b100000|  0%| F|  |TAMS 0x000000070b000000, 0x000000070b000000| Untracked 
| 115|0x000000070b100000, 0x000000070b100000, 0x000000070b200000|  0%| F|  |TAMS 0x000000070b100000, 0x000000070b100000| Untracked 
| 116|0x000000070b200000, 0x000000070b200000, 0x000000070b300000|  0%| F|  |TAMS 0x000000070b200000, 0x000000070b200000| Untracked 
| 117|0x000000070b300000, 0x000000070b300000, 0x000000070b400000|  0%| F|  |TAMS 0x000000070b300000, 0x000000070b300000| Untracked 
| 118|0x000000070b400000, 0x000000070b400000, 0x000000070b500000|  0%| F|  |TAMS 0x000000070b400000, 0x000000070b400000| Untracked 
| 119|0x000000070b500000, 0x000000070b500000, 0x000000070b600000|  0%| F|  |TAMS 0x000000070b500000, 0x000000070b500000| Untracked 
| 120|0x000000070b600000, 0x000000070b600000, 0x000000070b700000|  0%| F|  |TAMS 0x000000070b600000, 0x000000070b600000| Untracked 
| 121|0x000000070b700000, 0x000000070b700000, 0x000000070b800000|  0%| F|  |TAMS 0x000000070b700000, 0x000000070b700000| Untracked 
| 122|0x000000070b800000, 0x000000070b800000, 0x000000070b900000|  0%| F|  |TAMS 0x000000070b800000, 0x000000070b800000| Untracked 
| 123|0x000000070b900000, 0x000000070b900000, 0x000000070ba00000|  0%| F|  |TAMS 0x000000070b900000, 0x000000070b900000| Untracked 
| 124|0x000000070ba00000, 0x000000070ba00000, 0x000000070bb00000|  0%| F|  |TAMS 0x000000070ba00000, 0x000000070ba00000| Untracked 
| 125|0x000000070bb00000, 0x000000070bb00000, 0x000000070bc00000|  0%| F|  |TAMS 0x000000070bb00000, 0x000000070bb00000| Untracked 
| 126|0x000000070bc00000, 0x000000070bc00000, 0x000000070bd00000|  0%| F|  |TAMS 0x000000070bc00000, 0x000000070bc00000| Untracked 
| 127|0x000000070bd00000, 0x000000070bd00000, 0x000000070be00000|  0%| F|  |TAMS 0x000000070bd00000, 0x000000070bd00000| Untracked 
| 128|0x000000070be00000, 0x000000070be00000, 0x000000070bf00000|  0%| F|  |TAMS 0x000000070be00000, 0x000000070be00000| Untracked 
| 129|0x000000070bf00000, 0x000000070bf00000, 0x000000070c000000|  0%| F|  |TAMS 0x000000070bf00000, 0x000000070bf00000| Untracked 
| 130|0x000000070c000000, 0x000000070c000000, 0x000000070c100000|  0%| F|  |TAMS 0x000000070c000000, 0x000000070c000000| Untracked 
| 131|0x000000070c100000, 0x000000070c100000, 0x000000070c200000|  0%| F|  |TAMS 0x000000070c100000, 0x000000070c100000| Untracked 
| 132|0x000000070c200000, 0x000000070c200000, 0x000000070c300000|  0%| F|  |TAMS 0x000000070c200000, 0x000000070c200000| Untracked 
| 133|0x000000070c300000, 0x000000070c300000, 0x000000070c400000|  0%| F|  |TAMS 0x000000070c300000, 0x000000070c300000| Untracked 
| 134|0x000000070c400000, 0x000000070c400000, 0x000000070c500000|  0%| F|  |TAMS 0x000000070c400000, 0x000000070c400000| Untracked 
| 135|0x000000070c500000, 0x000000070c500000, 0x000000070c600000|  0%| F|  |TAMS 0x000000070c500000, 0x000000070c500000| Untracked 
| 136|0x000000070c600000, 0x000000070c600000, 0x000000070c700000|  0%| F|  |TAMS 0x000000070c600000, 0x000000070c600000| Untracked 
| 137|0x000000070c700000, 0x000000070c700000, 0x000000070c800000|  0%| F|  |TAMS 0x000000070c700000, 0x000000070c700000| Untracked 
| 138|0x000000070c800000, 0x000000070c800000, 0x000000070c900000|  0%| F|  |TAMS 0x000000070c800000, 0x000000070c800000| Untracked 
| 139|0x000000070c900000, 0x000000070c900000, 0x000000070ca00000|  0%| F|  |TAMS 0x000000070c900000, 0x000000070c900000| Untracked 
| 140|0x000000070ca00000, 0x000000070ca00000, 0x000000070cb00000|  0%| F|  |TAMS 0x000000070ca00000, 0x000000070ca00000| Untracked 
| 141|0x000000070cb00000, 0x000000070cb00000, 0x000000070cc00000|  0%| F|  |TAMS 0x000000070cb00000, 0x000000070cb00000| Untracked 
| 142|0x000000070cc00000, 0x000000070cc00000, 0x000000070cd00000|  0%| F|  |TAMS 0x000000070cc00000, 0x000000070cc00000| Untracked 
| 143|0x000000070cd00000, 0x000000070cd00000, 0x000000070ce00000|  0%| F|  |TAMS 0x000000070cd00000, 0x000000070cd00000| Untracked 
| 144|0x000000070ce00000, 0x000000070ce00000, 0x000000070cf00000|  0%| F|  |TAMS 0x000000070ce00000, 0x000000070ce00000| Untracked 
| 145|0x000000070cf00000, 0x000000070cf00000, 0x000000070d000000|  0%| F|  |TAMS 0x000000070cf00000, 0x000000070cf00000| Untracked 
| 146|0x000000070d000000, 0x000000070d000000, 0x000000070d100000|  0%| F|  |TAMS 0x000000070d000000, 0x000000070d000000| Untracked 
| 147|0x000000070d100000, 0x000000070d100000, 0x000000070d200000|  0%| F|  |TAMS 0x000000070d100000, 0x000000070d100000| Untracked 
| 148|0x000000070d200000, 0x000000070d200000, 0x000000070d300000|  0%| F|  |TAMS 0x000000070d200000, 0x000000070d200000| Untracked 
| 149|0x000000070d300000, 0x000000070d300000, 0x000000070d400000|  0%| F|  |TAMS 0x000000070d300000, 0x000000070d300000| Untracked 
| 150|0x000000070d400000, 0x000000070d400000, 0x000000070d500000|  0%| F|  |TAMS 0x000000070d400000, 0x000000070d400000| Untracked 
| 151|0x000000070d500000, 0x000000070d500000, 0x000000070d600000|  0%| F|  |TAMS 0x000000070d500000, 0x000000070d500000| Untracked 
| 152|0x000000070d600000, 0x000000070d600000, 0x000000070d700000|  0%| F|  |TAMS 0x000000070d600000, 0x000000070d600000| Untracked 
| 153|0x000000070d700000, 0x000000070d700000, 0x000000070d800000|  0%| F|  |TAMS 0x000000070d700000, 0x000000070d700000| Untracked 
| 154|0x000000070d800000, 0x000000070d800000, 0x000000070d900000|  0%| F|  |TAMS 0x000000070d800000, 0x000000070d800000| Untracked 
| 155|0x000000070d900000, 0x000000070d900000, 0x000000070da00000|  0%| F|  |TAMS 0x000000070d900000, 0x000000070d900000| Untracked 
| 156|0x000000070da00000, 0x000000070da00000, 0x000000070db00000|  0%| F|  |TAMS 0x000000070da00000, 0x000000070da00000| Untracked 
| 157|0x000000070db00000, 0x000000070db00000, 0x000000070dc00000|  0%| F|  |TAMS 0x000000070db00000, 0x000000070db00000| Untracked 
| 158|0x000000070dc00000, 0x000000070dc00000, 0x000000070dd00000|  0%| F|  |TAMS 0x000000070dc00000, 0x000000070dc00000| Untracked 
| 159|0x000000070dd00000, 0x000000070dd00000, 0x000000070de00000|  0%| F|  |TAMS 0x000000070dd00000, 0x000000070dd00000| Untracked 
| 160|0x000000070de00000, 0x000000070de00000, 0x000000070df00000|  0%| F|  |TAMS 0x000000070de00000, 0x000000070de00000| Untracked 
| 161|0x000000070df00000, 0x000000070df00000, 0x000000070e000000|  0%| F|  |TAMS 0x000000070df00000, 0x000000070df00000| Untracked 
| 162|0x000000070e000000, 0x000000070e000000, 0x000000070e100000|  0%| F|  |TAMS 0x000000070e000000, 0x000000070e000000| Untracked 
| 163|0x000000070e100000, 0x000000070e100000, 0x000000070e200000|  0%| F|  |TAMS 0x000000070e100000, 0x000000070e100000| Untracked 
| 164|0x000000070e200000, 0x000000070e200000, 0x000000070e300000|  0%| F|  |TAMS 0x000000070e200000, 0x000000070e200000| Untracked 
| 165|0x000000070e300000, 0x000000070e300000, 0x000000070e400000|  0%| F|  |TAMS 0x000000070e300000, 0x000000070e300000| Untracked 
| 166|0x000000070e400000, 0x000000070e400000, 0x000000070e500000|  0%| F|  |TAMS 0x000000070e400000, 0x000000070e400000| Untracked 
| 167|0x000000070e500000, 0x000000070e500000, 0x000000070e600000|  0%| F|  |TAMS 0x000000070e500000, 0x000000070e500000| Untracked 
| 168|0x000000070e600000, 0x000000070e600000, 0x000000070e700000|  0%| F|  |TAMS 0x000000070e600000, 0x000000070e600000| Untracked 
| 169|0x000000070e700000, 0x000000070e700000, 0x000000070e800000|  0%| F|  |TAMS 0x000000070e700000, 0x000000070e700000| Untracked 
| 170|0x000000070e800000, 0x000000070e800000, 0x000000070e900000|  0%| F|  |TAMS 0x000000070e800000, 0x000000070e800000| Untracked 
| 171|0x000000070e900000, 0x000000070e900000, 0x000000070ea00000|  0%| F|  |TAMS 0x000000070e900000, 0x000000070e900000| Untracked 
| 172|0x000000070ea00000, 0x000000070ea00000, 0x000000070eb00000|  0%| F|  |TAMS 0x000000070ea00000, 0x000000070ea00000| Untracked 
| 173|0x000000070eb00000, 0x000000070eb00000, 0x000000070ec00000|  0%| F|  |TAMS 0x000000070eb00000, 0x000000070eb00000| Untracked 
| 174|0x000000070ec00000, 0x000000070ec00000, 0x000000070ed00000|  0%| F|  |TAMS 0x000000070ec00000, 0x000000070ec00000| Untracked 
| 175|0x000000070ed00000, 0x000000070ed00000, 0x000000070ee00000|  0%| F|  |TAMS 0x000000070ed00000, 0x000000070ed00000| Untracked 
| 176|0x000000070ee00000, 0x000000070ee00000, 0x000000070ef00000|  0%| F|  |TAMS 0x000000070ee00000, 0x000000070ee00000| Untracked 
| 177|0x000000070ef00000, 0x000000070ef80800, 0x000000070f000000| 50%| E|  |TAMS 0x000000070ef00000, 0x000000070ef00000| Complete 
| 178|0x000000070f000000, 0x000000070f100000, 0x000000070f100000|100%| E|CS|TAMS 0x000000070f000000, 0x000000070f000000| Complete 
| 179|0x000000070f100000, 0x000000070f200000, 0x000000070f200000|100%| E|CS|TAMS 0x000000070f100000, 0x000000070f100000| Complete 
| 180|0x000000070f200000, 0x000000070f300000, 0x000000070f300000|100%| E|CS|TAMS 0x000000070f200000, 0x000000070f200000| Complete 
| 181|0x000000070f300000, 0x000000070f400000, 0x000000070f400000|100%| E|CS|TAMS 0x000000070f300000, 0x000000070f300000| Complete 
| 182|0x000000070f400000, 0x000000070f500000, 0x000000070f500000|100%| E|CS|TAMS 0x000000070f400000, 0x000000070f400000| Complete 
| 183|0x000000070f500000, 0x000000070f600000, 0x000000070f600000|100%| E|CS|TAMS 0x000000070f500000, 0x000000070f500000| Complete 
| 184|0x000000070f600000, 0x000000070f700000, 0x000000070f700000|100%| E|CS|TAMS 0x000000070f600000, 0x000000070f600000| Complete 
| 185|0x000000070f700000, 0x000000070f800000, 0x000000070f800000|100%| E|CS|TAMS 0x000000070f700000, 0x000000070f700000| Complete 
| 186|0x000000070f800000, 0x000000070f900000, 0x000000070f900000|100%| E|CS|TAMS 0x000000070f800000, 0x000000070f800000| Complete 
| 187|0x000000070f900000, 0x000000070fa00000, 0x000000070fa00000|100%| E|CS|TAMS 0x000000070f900000, 0x000000070f900000| Complete 
| 188|0x000000070fa00000, 0x000000070fb00000, 0x000000070fb00000|100%| E|CS|TAMS 0x000000070fa00000, 0x000000070fa00000| Complete 
| 189|0x000000070fb00000, 0x000000070fc00000, 0x000000070fc00000|100%| E|CS|TAMS 0x000000070fb00000, 0x000000070fb00000| Complete 
| 190|0x000000070fc00000, 0x000000070fd00000, 0x000000070fd00000|100%| E|CS|TAMS 0x000000070fc00000, 0x000000070fc00000| Complete 
| 191|0x000000070fd00000, 0x000000070fe00000, 0x000000070fe00000|100%| E|CS|TAMS 0x000000070fd00000, 0x000000070fd00000| Complete 
| 192|0x000000070fe00000, 0x000000070ff00000, 0x000000070ff00000|100%| E|CS|TAMS 0x000000070fe00000, 0x000000070fe00000| Complete 
| 193|0x000000070ff00000, 0x0000000710000000, 0x0000000710000000|100%| E|CS|TAMS 0x000000070ff00000, 0x000000070ff00000| Complete 
| 194|0x0000000710000000, 0x0000000710100000, 0x0000000710100000|100%| E|CS|TAMS 0x0000000710000000, 0x0000000710000000| Complete 
| 195|0x0000000710100000, 0x0000000710200000, 0x0000000710200000|100%| E|  |TAMS 0x0000000710100000, 0x0000000710100000| Complete 
| 196|0x0000000710200000, 0x0000000710300000, 0x0000000710300000|100%| E|CS|TAMS 0x0000000710200000, 0x0000000710200000| Complete 
| 197|0x0000000710300000, 0x0000000710400000, 0x0000000710400000|100%| E|CS|TAMS 0x0000000710300000, 0x0000000710300000| Complete 
| 198|0x0000000710400000, 0x0000000710500000, 0x0000000710500000|100%| E|CS|TAMS 0x0000000710400000, 0x0000000710400000| Complete 
| 199|0x0000000710500000, 0x0000000710600000, 0x0000000710600000|100%| E|CS|TAMS 0x0000000710500000, 0x0000000710500000| Complete 
| 200|0x0000000710600000, 0x0000000710700000, 0x0000000710700000|100%| E|CS|TAMS 0x0000000710600000, 0x0000000710600000| Complete 
| 201|0x0000000710700000, 0x0000000710800000, 0x0000000710800000|100%| E|CS|TAMS 0x0000000710700000, 0x0000000710700000| Complete 
| 202|0x0000000710800000, 0x0000000710900000, 0x0000000710900000|100%| E|CS|TAMS 0x0000000710800000, 0x0000000710800000| Complete 
| 203|0x0000000710900000, 0x0000000710a00000, 0x0000000710a00000|100%| E|CS|TAMS 0x0000000710900000, 0x0000000710900000| Complete 
| 204|0x0000000710a00000, 0x0000000710b00000, 0x0000000710b00000|100%| E|CS|TAMS 0x0000000710a00000, 0x0000000710a00000| Complete 
| 205|0x0000000710b00000, 0x0000000710c00000, 0x0000000710c00000|100%| E|CS|TAMS 0x0000000710b00000, 0x0000000710b00000| Complete 
| 206|0x0000000710c00000, 0x0000000710d00000, 0x0000000710d00000|100%| E|CS|TAMS 0x0000000710c00000, 0x0000000710c00000| Complete 
| 207|0x0000000710d00000, 0x0000000710e00000, 0x0000000710e00000|100%| E|CS|TAMS 0x0000000710d00000, 0x0000000710d00000| Complete 
| 208|0x0000000710e00000, 0x0000000710f00000, 0x0000000710f00000|100%| E|CS|TAMS 0x0000000710e00000, 0x0000000710e00000| Complete 
| 209|0x0000000710f00000, 0x0000000711000000, 0x0000000711000000|100%| E|CS|TAMS 0x0000000710f00000, 0x0000000710f00000| Complete 
| 210|0x0000000711000000, 0x0000000711100000, 0x0000000711100000|100%| E|CS|TAMS 0x0000000711000000, 0x0000000711000000| Complete 
| 211|0x0000000711100000, 0x0000000711200000, 0x0000000711200000|100%| E|CS|TAMS 0x0000000711100000, 0x0000000711100000| Complete 
| 212|0x0000000711200000, 0x0000000711300000, 0x0000000711300000|100%| E|CS|TAMS 0x0000000711200000, 0x0000000711200000| Complete 
| 213|0x0000000711300000, 0x0000000711400000, 0x0000000711400000|100%| E|CS|TAMS 0x0000000711300000, 0x0000000711300000| Complete 
| 214|0x0000000711400000, 0x0000000711500000, 0x0000000711500000|100%| E|CS|TAMS 0x0000000711400000, 0x0000000711400000| Complete 
| 215|0x0000000711500000, 0x0000000711600000, 0x0000000711600000|100%| S|CS|TAMS 0x0000000711500000, 0x0000000711500000| Complete 
| 216|0x0000000711600000, 0x0000000711700000, 0x0000000711700000|100%| S|CS|TAMS 0x0000000711600000, 0x0000000711600000| Complete 
| 217|0x0000000711700000, 0x0000000711800000, 0x0000000711800000|100%| S|CS|TAMS 0x0000000711700000, 0x0000000711700000| Complete 
| 218|0x0000000711800000, 0x0000000711900000, 0x0000000711900000|100%| S|CS|TAMS 0x0000000711800000, 0x0000000711800000| Complete 
| 219|0x0000000711900000, 0x0000000711a00000, 0x0000000711a00000|100%| S|CS|TAMS 0x0000000711900000, 0x0000000711900000| Complete 
| 220|0x0000000711a00000, 0x0000000711b00000, 0x0000000711b00000|100%| E|CS|TAMS 0x0000000711a00000, 0x0000000711a00000| Complete 
| 221|0x0000000711b00000, 0x0000000711c00000, 0x0000000711c00000|100%| E|CS|TAMS 0x0000000711b00000, 0x0000000711b00000| Complete 
| 222|0x0000000711c00000, 0x0000000711d00000, 0x0000000711d00000|100%| E|CS|TAMS 0x0000000711c00000, 0x0000000711c00000| Complete 
| 223|0x0000000711d00000, 0x0000000711e00000, 0x0000000711e00000|100%| E|CS|TAMS 0x0000000711d00000, 0x0000000711d00000| Complete 
| 224|0x0000000711e00000, 0x0000000711f00000, 0x0000000711f00000|100%| E|CS|TAMS 0x0000000711e00000, 0x0000000711e00000| Complete 
| 225|0x0000000711f00000, 0x0000000712000000, 0x0000000712000000|100%| E|CS|TAMS 0x0000000711f00000, 0x0000000711f00000| Complete 
| 226|0x0000000712000000, 0x0000000712100000, 0x0000000712100000|100%| E|CS|TAMS 0x0000000712000000, 0x0000000712000000| Complete 
| 227|0x0000000712100000, 0x0000000712200000, 0x0000000712200000|100%| E|CS|TAMS 0x0000000712100000, 0x0000000712100000| Complete 
| 228|0x0000000712200000, 0x0000000712300000, 0x0000000712300000|100%| E|CS|TAMS 0x0000000712200000, 0x0000000712200000| Complete 
| 229|0x0000000712300000, 0x0000000712400000, 0x0000000712400000|100%| E|CS|TAMS 0x0000000712300000, 0x0000000712300000| Complete 
| 230|0x0000000712400000, 0x0000000712500000, 0x0000000712500000|100%| E|CS|TAMS 0x0000000712400000, 0x0000000712400000| Complete 
| 231|0x0000000712500000, 0x0000000712600000, 0x0000000712600000|100%| E|CS|TAMS 0x0000000712500000, 0x0000000712500000| Complete 
| 232|0x0000000712600000, 0x0000000712700000, 0x0000000712700000|100%| E|CS|TAMS 0x0000000712600000, 0x0000000712600000| Complete 
| 233|0x0000000712700000, 0x0000000712800000, 0x0000000712800000|100%| E|CS|TAMS 0x0000000712700000, 0x0000000712700000| Complete 
| 234|0x0000000712800000, 0x0000000712900000, 0x0000000712900000|100%| E|CS|TAMS 0x0000000712800000, 0x0000000712800000| Complete 
| 235|0x0000000712900000, 0x0000000712a00000, 0x0000000712a00000|100%| E|CS|TAMS 0x0000000712900000, 0x0000000712900000| Complete 
| 236|0x0000000712a00000, 0x0000000712b00000, 0x0000000712b00000|100%| E|CS|TAMS 0x0000000712a00000, 0x0000000712a00000| Complete 
| 237|0x0000000712b00000, 0x0000000712c00000, 0x0000000712c00000|100%| E|CS|TAMS 0x0000000712b00000, 0x0000000712b00000| Complete 
| 238|0x0000000712c00000, 0x0000000712d00000, 0x0000000712d00000|100%| E|CS|TAMS 0x0000000712c00000, 0x0000000712c00000| Complete 
| 239|0x0000000712d00000, 0x0000000712e00000, 0x0000000712e00000|100%| E|CS|TAMS 0x0000000712d00000, 0x0000000712d00000| Complete 
| 240|0x0000000712e00000, 0x0000000712f00000, 0x0000000712f00000|100%| E|CS|TAMS 0x0000000712e00000, 0x0000000712e00000| Complete 
| 241|0x0000000712f00000, 0x0000000713000000, 0x0000000713000000|100%| E|CS|TAMS 0x0000000712f00000, 0x0000000712f00000| Complete 
| 242|0x0000000713000000, 0x0000000713100000, 0x0000000713100000|100%| E|CS|TAMS 0x0000000713000000, 0x0000000713000000| Complete 
| 243|0x0000000713100000, 0x0000000713200000, 0x0000000713200000|100%| E|CS|TAMS 0x0000000713100000, 0x0000000713100000| Complete 
| 244|0x0000000713200000, 0x0000000713300000, 0x0000000713300000|100%| E|CS|TAMS 0x0000000713200000, 0x0000000713200000| Complete 
| 245|0x0000000713300000, 0x0000000713400000, 0x0000000713400000|100%| E|CS|TAMS 0x0000000713300000, 0x0000000713300000| Complete 
| 246|0x0000000713400000, 0x0000000713500000, 0x0000000713500000|100%| E|CS|TAMS 0x0000000713400000, 0x0000000713400000| Complete 
| 247|0x0000000713500000, 0x0000000713600000, 0x0000000713600000|100%| E|CS|TAMS 0x0000000713500000, 0x0000000713500000| Complete 
| 248|0x0000000713600000, 0x0000000713700000, 0x0000000713700000|100%| E|CS|TAMS 0x0000000713600000, 0x0000000713600000| Complete 
| 249|0x0000000713700000, 0x0000000713800000, 0x0000000713800000|100%| E|CS|TAMS 0x0000000713700000, 0x0000000713700000| Complete 
| 250|0x0000000713800000, 0x0000000713900000, 0x0000000713900000|100%| E|CS|TAMS 0x0000000713800000, 0x0000000713800000| Complete 
| 251|0x0000000713900000, 0x0000000713a00000, 0x0000000713a00000|100%| E|CS|TAMS 0x0000000713900000, 0x0000000713900000| Complete 
| 252|0x0000000713a00000, 0x0000000713b00000, 0x0000000713b00000|100%| E|CS|TAMS 0x0000000713a00000, 0x0000000713a00000| Complete 
| 253|0x0000000713b00000, 0x0000000713c00000, 0x0000000713c00000|100%| E|CS|TAMS 0x0000000713b00000, 0x0000000713b00000| Complete 

Card table byte_map: [0x0000020a1d200000,0x0000020a1d9f0000] _byte_map_base: 0x0000020a199e1000

Marking Bits (Prev, Next): (CMBitMap*) 0x0000020a04cd8288, (CMBitMap*) 0x0000020a04cd82c8
 Prev Bits: [0x0000020a1e1e0000, 0x0000020a220e8000)
 Next Bits: [0x0000020a220f0000, 0x0000020a25ff8000)

Polling page: 0x0000020a02bd0000

Metaspace:

Usage:
  Non-class:     12.88 MB capacity,    12.31 MB ( 96%) used,   522.62 KB (  4%) free+waste,    54.25 KB ( <1%) overhead. 
      Class:      2.04 MB capacity,     1.82 MB ( 89%) used,   199.73 KB ( 10%) free+waste,    28.69 KB (  1%) overhead. 
       Both:     14.92 MB capacity,    14.13 MB ( 95%) used,   722.34 KB (  5%) free+waste,    82.94 KB ( <1%) overhead. 

Virtual space:
  Non-class space:       14.00 MB reserved,      13.00 MB ( 93%) committed 
      Class space:        1.00 GB reserved,       2.13 MB ( <1%) committed 
             Both:        1.01 GB reserved,      15.13 MB (  1%) committed 

Chunk freelists:
   Non-Class:  62.00 KB
       Class:  24.00 KB
        Both:  86.00 KB

MaxMetaspaceSize: 17179869184.00 GB
CompressedClassSpaceSize: 1.00 GB

CodeHeap 'non-profiled nmethods': size=120000Kb used=1328Kb max_used=1328Kb free=118671Kb
 bounds [0x0000020a151b0000, 0x0000020a15420000, 0x0000020a1c6e0000]
CodeHeap 'profiled nmethods': size=120000Kb used=6111Kb max_used=6111Kb free=113889Kb
 bounds [0x0000020a0dc80000, 0x0000020a0e280000, 0x0000020a151b0000]
CodeHeap 'non-nmethods': size=5760Kb used=1453Kb max_used=1475Kb free=4306Kb
 bounds [0x0000020a0d6e0000, 0x0000020a0d950000, 0x0000020a0dc80000]
 total_blobs=3776 nmethods=3012 adapters=676
 compilation: enabled
              stopped_count=0, restarted_count=0
 full_count=0

Compilation events (20 events):
Event: 49.306 Thread 0x0000020a29465800 3002       3       java.util.concurrent.Executors$RunnableAdapter::call (14 bytes)
Event: 49.306 Thread 0x0000020a29465800 nmethod 3002 0x0000020a0e273690 code [0x0000020a0e273840, 0x0000020a0e273a48]
Event: 49.307 Thread 0x0000020a29465800 3003   !   3       com.sun.javafx.tk.RenderJob::run (92 bytes)
Event: 49.314 Thread 0x0000020a29465800 nmethod 3003 0x0000020a0e273b10 code [0x0000020a0e273e20, 0x0000020a0e275118]
Event: 49.314 Thread 0x0000020a29465800 3009       3       com.sun.glass.ui.View::getNativeFrameBuffer (9 bytes)
Event: 49.315 Thread 0x0000020a29465800 nmethod 3009 0x0000020a0e275690 code [0x0000020a0e275840, 0x0000020a0e275a28]
Event: 49.315 Thread 0x0000020a29465800 3007       3       com.sun.prism.PresentableState::lock (26 bytes)
Event: 49.317 Thread 0x0000020a29465800 nmethod 3007 0x0000020a0e275b10 code [0x0000020a0e275d00, 0x0000020a0e2763a8]
Event: 49.317 Thread 0x0000020a29465800 3008       3       com.sun.glass.ui.View::lock (13 bytes)
Event: 49.317 Thread 0x0000020a29465800 nmethod 3008 0x0000020a0e276590 code [0x0000020a0e276760, 0x0000020a0e276ad8]
Event: 49.317 Thread 0x0000020a29465800 3005       3       com.sun.javafx.tk.quantum.ViewPainter::validateStageGraphics (70 bytes)
Event: 49.318 Thread 0x0000020a2945e000 3014       4       com.sun.javafx.tk.quantum.PaintCollector::getInstance (4 bytes)
Event: 49.318 Thread 0x0000020a29465800 nmethod 3005 0x0000020a0e276c10 code [0x0000020a0e276dc0, 0x0000020a0e2772c8]
Event: 49.318 Thread 0x0000020a29465800 3006       3       com.sun.javafx.tk.quantum.SceneState::isValid (41 bytes)
Event: 49.319 Thread 0x0000020a29465800 nmethod 3006 0x0000020a0e277410 code [0x0000020a0e2775c0, 0x0000020a0e277b58]
Event: 49.319 Thread 0x0000020a29465800 3004   !   3       com.sun.javafx.tk.quantum.PresentingPainter::run (675 bytes)
Event: 49.319 Thread 0x0000020a2945e000 nmethod 3014 0x0000020a152f3390 code [0x0000020a152f3500, 0x0000020a152f3558]
Event: 49.336 Thread 0x0000020a2945e000 3018       4       java.util.WeakHashMap$HashIterator::nextEntry (81 bytes)
Event: 49.341 Thread 0x0000020a2945e000 nmethod 3018 0x0000020a152f3690 code [0x0000020a152f3840, 0x0000020a152f3c98]
Event: 49.341 Thread 0x0000020a2945e000 3019       4       javafx.animation.Animation$1::timePulse (56 bytes)

GC Heap History (4 events):
Event: 0.616 GC heap before
{Heap before GC invocations=0 (full 0):
 garbage-first heap   total 260096K, used 22528K [0x0000000703e00000, 0x0000000800000000)
  region size 1024K, 23 young (23552K), 0 survivors (0K)
 Metaspace       used 6259K, capacity 8441K, committed 8576K, reserved 1056768K
  class space    used 793K, capacity 1056K, committed 1152K, reserved 1048576K
}
Event: 0.619 GC heap after
{Heap after GC invocations=1 (full 0):
 garbage-first heap   total 260096K, used 3196K [0x0000000703e00000, 0x0000000800000000)
  region size 1024K, 3 young (3072K), 3 survivors (3072K)
 Metaspace       used 6259K, capacity 8441K, committed 8576K, reserved 1056768K
  class space    used 793K, capacity 1056K, committed 1152K, reserved 1048576K
}
Event: 2.884 GC heap before
{Heap before GC invocations=1 (full 0):
 garbage-first heap   total 260096K, used 52348K [0x0000000703e00000, 0x0000000800000000)
  region size 1024K, 34 young (34816K), 3 survivors (3072K)
 Metaspace       used 13133K, capacity 14152K, committed 14336K, reserved 1060864K
  class space    used 1777K, capacity 1998K, committed 2048K, reserved 1048576K
}
Event: 2.889 GC heap after
{Heap after GC invocations=2 (full 0):
 garbage-first heap   total 260096K, used 32282K [0x0000000703e00000, 0x0000000800000000)
  region size 1024K, 5 young (5120K), 5 survivors (5120K)
 Metaspace       used 13133K, capacity 14152K, committed 14336K, reserved 1060864K
  class space    used 1777K, capacity 1998K, committed 2048K, reserved 1048576K
}

Deoptimization events (20 events):
Event: 3.068 Thread 0x0000020a2a25d000 DEOPT PACKING pc=0x0000020a0df6f953 sp=0x000000d0aaefa810
Event: 3.068 Thread 0x0000020a2a25d000 DEOPT UNPACKING pc=0x0000020a0d7283de sp=0x000000d0aaef9ca0 mode 0
Event: 3.069 Thread 0x0000020a2a25d000 DEOPT PACKING pc=0x0000020a0df6f953 sp=0x000000d0aaefa810
Event: 3.069 Thread 0x0000020a2a25d000 DEOPT UNPACKING pc=0x0000020a0d7283de sp=0x000000d0aaef9ca0 mode 0
Event: 3.069 Thread 0x0000020a2a25d000 DEOPT PACKING pc=0x0000020a0df6f953 sp=0x000000d0aaefa810
Event: 3.069 Thread 0x0000020a2a25d000 DEOPT UNPACKING pc=0x0000020a0d7283de sp=0x000000d0aaef9ca0 mode 0
Event: 3.070 Thread 0x0000020a2a25d000 DEOPT PACKING pc=0x0000020a0df6f953 sp=0x000000d0aaefa810
Event: 3.070 Thread 0x0000020a2a25d000 DEOPT UNPACKING pc=0x0000020a0d7283de sp=0x000000d0aaef9ca0 mode 0
Event: 3.070 Thread 0x0000020a2a25d000 DEOPT PACKING pc=0x0000020a0df6f953 sp=0x000000d0aaefa810
Event: 3.070 Thread 0x0000020a2a25d000 DEOPT UNPACKING pc=0x0000020a0d7283de sp=0x000000d0aaef9ca0 mode 0
Event: 6.705 Thread 0x0000020a29f7d000 DEOPT PACKING pc=0x0000020a0e001be0 sp=0x000000d0aadfe330
Event: 6.705 Thread 0x0000020a29f7d000 DEOPT UNPACKING pc=0x0000020a0d7283de sp=0x000000d0aadfd898 mode 0
Event: 49.289 Thread 0x0000020a29f7d000 Uncommon trap: trap_request=0xffffff45 fr.pc=0x0000020a152e41e8 relative=0x0000000000000148
Event: 49.290 Thread 0x0000020a29f7d000 Uncommon trap: reason=unstable_if action=reinterpret pc=0x0000020a152e41e8 method=java.util.concurrent.locks.ReentrantLock$NonfairSync.initialTryLock()Z @ 10 c2
Event: 49.290 Thread 0x0000020a29f7d000 DEOPT PACKING pc=0x0000020a152e41e8 sp=0x000000d0aadfe8b0
Event: 49.295 Thread 0x0000020a29f7d000 DEOPT UNPACKING pc=0x0000020a0d6e852f sp=0x000000d0aadfe858 mode 2
Event: 49.297 Thread 0x0000020a29f7d000 Uncommon trap: trap_request=0xffffff45 fr.pc=0x0000020a152c23c4 relative=0x0000000000000084
Event: 49.297 Thread 0x0000020a29f7d000 Uncommon trap: reason=unstable_if action=reinterpret pc=0x0000020a152c23c4 method=java.util.concurrent.locks.AbstractQueuedSynchronizer.signalNext(Ljava/util/concurrent/locks/AbstractQueuedSynchronizer$Node;)V @ 17 c2
Event: 49.297 Thread 0x0000020a29f7d000 DEOPT PACKING pc=0x0000020a152c23c4 sp=0x000000d0aadfe8d0
Event: 49.297 Thread 0x0000020a29f7d000 DEOPT UNPACKING pc=0x0000020a0d6e852f sp=0x000000d0aadfe860 mode 2

Classes unloaded (0 events):
No events

Classes redefined (0 events):
No events

Internal exceptions (20 events):
Event: 47.288 Thread 0x0000020a29f7d000 Implicit null exception at 0x0000020a0e1f2acc to 0x0000020a0e1f3144
Event: 47.289 Thread 0x0000020a29f7d000 Exception <a 'java/lang/NullPointerException'{0x000000070f199f28}> (0x000000070f199f28) 
thrown [./src/hotspot/share/runtime/sharedRuntime.cpp, line 584]
Event: 47.349 Thread 0x0000020a29f7d000 Implicit null exception at 0x0000020a0e1f2acc to 0x0000020a0e1f3144
Event: 47.350 Thread 0x0000020a29f7d000 Exception <a 'java/lang/NullPointerException'{0x000000070f19ced8}> (0x000000070f19ced8) 
thrown [./src/hotspot/share/runtime/sharedRuntime.cpp, line 584]
Event: 47.371 Thread 0x0000020a29f7d000 Implicit null exception at 0x0000020a0e1f2acc to 0x0000020a0e1f3144
Event: 47.372 Thread 0x0000020a29f7d000 Exception <a 'java/lang/NullPointerException'{0x000000070f19fe88}> (0x000000070f19fe88) 
thrown [./src/hotspot/share/runtime/sharedRuntime.cpp, line 584]
Event: 47.409 Thread 0x0000020a29f7d000 Implicit null exception at 0x0000020a0e1f2acc to 0x0000020a0e1f3144
Event: 47.410 Thread 0x0000020a29f7d000 Exception <a 'java/lang/NullPointerException'{0x000000070f1a2e38}> (0x000000070f1a2e38) 
thrown [./src/hotspot/share/runtime/sharedRuntime.cpp, line 584]
Event: 47.490 Thread 0x0000020a29f7d000 Implicit null exception at 0x0000020a0e1f2acc to 0x0000020a0e1f3144
Event: 47.490 Thread 0x0000020a29f7d000 Exception <a 'java/lang/NullPointerException'{0x000000070f1a5de8}> (0x000000070f1a5de8) 
thrown [./src/hotspot/share/runtime/sharedRuntime.cpp, line 584]
Event: 47.505 Thread 0x0000020a29f7d000 Implicit null exception at 0x0000020a0e1f2acc to 0x0000020a0e1f3144
Event: 47.505 Thread 0x0000020a29f7d000 Exception <a 'java/lang/NullPointerException'{0x000000070f1a8d98}> (0x000000070f1a8d98) 
thrown [./src/hotspot/share/runtime/sharedRuntime.cpp, line 584]
Event: 47.557 Thread 0x0000020a29f7d000 Implicit null exception at 0x0000020a0e1f2acc to 0x0000020a0e1f3144
Event: 47.557 Thread 0x0000020a29f7d000 Exception <a 'java/lang/NullPointerException'{0x000000070f1abd48}> (0x000000070f1abd48) 
thrown [./src/hotspot/share/runtime/sharedRuntime.cpp, line 584]
Event: 47.615 Thread 0x0000020a29f7d000 Implicit null exception at 0x0000020a0e1f2acc to 0x0000020a0e1f3144
Event: 47.615 Thread 0x0000020a29f7d000 Exception <a 'java/lang/NullPointerException'{0x000000070f1aecf8}> (0x000000070f1aecf8) 
thrown [./src/hotspot/share/runtime/sharedRuntime.cpp, line 584]
Event: 47.749 Thread 0x0000020a29f7d000 Implicit null exception at 0x0000020a0e1f2acc to 0x0000020a0e1f3144
Event: 47.749 Thread 0x0000020a29f7d000 Exception <a 'java/lang/NullPointerException'{0x000000070f1b1ca8}> (0x000000070f1b1ca8) 
thrown [./src/hotspot/share/runtime/sharedRuntime.cpp, line 584]
Event: 49.187 Thread 0x0000020a29f7d000 Implicit null exception at 0x0000020a0e1f2acc to 0x0000020a0e1f3144
Event: 49.187 Thread 0x0000020a29f7d000 Exception <a 'java/lang/NullPointerException'{0x000000070f1b5448}> (0x000000070f1b5448) 
thrown [./src/hotspot/share/runtime/sharedRuntime.cpp, line 584]

Events (20 events):
Event: 4.410 Executing VM operation: HandshakeOneThread
Event: 4.410 Executing VM operation: HandshakeOneThread done
Event: 4.513 loading class java/lang/Throwable$WrappedPrintStream
Event: 4.513 loading class java/lang/Throwable$PrintStreamOrWriter
Event: 4.513 loading class java/lang/Throwable$PrintStreamOrWriter done
Event: 4.513 loading class java/lang/Throwable$WrappedPrintStream done
Event: 4.513 loading class java/lang/StackTraceElement$HashedModules
Event: 4.513 loading class java/lang/StackTraceElement$HashedModules done
Event: 4.514 Executing VM operation: HandshakeOneThread
Event: 4.514 Executing VM operation: HandshakeOneThread done
Event: 4.896 Loaded shared library C:\Program Files\Zulu\zulu\bin\java.dll
Event: 5.138 Executing VM operation: BulkRevokeBias
Event: 5.138 Executing VM operation: BulkRevokeBias done
Event: 5.777 Executing VM operation: BulkRevokeBias
Event: 5.777 Executing VM operation: BulkRevokeBias done
Event: 21.026 Loaded shared library C:\Users\jacki\.openjfx\cache\13\prism_d3d.dll
Event: 21.036 loading class jdk/internal/access/foreign/MemorySegmentProxy
Event: 21.036 loading class jdk/internal/access/foreign/MemorySegmentProxy done
Event: 31.783 Loaded shared library C:\Users\jacki\.openjfx\cache\13\prism_d3d.dll
Event: 49.311 Loaded shared library C:\Users\jacki\.openjfx\cache\13\prism_d3d.dll


Dynamic libraries:
0x00007ff678450000 - 0x00007ff67845d000 	C:\Program Files\Zulu\zulu\bin\java.exe
0x00007ffa06c30000 - 0x00007ffa06e25000 	C:\WINDOWS\SYSTEM32\ntdll.dll
0x00007ffa05250000 - 0x00007ffa0530d000 	C:\WINDOWS\System32\KERNEL32.DLL
0x00007ffa04510000 - 0x00007ffa047d8000 	C:\WINDOWS\System32\KERNELBASE.dll
0x00007ffa04980000 - 0x00007ffa04a80000 	C:\WINDOWS\System32\ucrtbase.dll
0x00007ff9f96e0000 - 0x00007ff9f96f8000 	C:\Program Files\Zulu\zulu\bin\jli.dll
0x00007ff9fb8f0000 - 0x00007ff9fb905000 	C:\Program Files\Zulu\zulu\bin\VCRUNTIME140.dll
0x00007ffa05440000 - 0x00007ffa055e0000 	C:\WINDOWS\System32\USER32.dll
0x00007ffa04370000 - 0x00007ffa04392000 	C:\WINDOWS\System32\win32u.dll
0x00007ff9f09a0000 - 0x00007ff9f0c3a000 	C:\WINDOWS\WinSxS\amd64_microsoft.windows.common-controls_6595b64144ccf1df_6.0.19041.844_none_ca00b6081b84eb1d\COMCTL32.dll
0x00007ffa05110000 - 0x00007ffa0513a000 	C:\WINDOWS\System32\GDI32.dll
0x00007ffa05010000 - 0x00007ffa050ae000 	C:\WINDOWS\System32\msvcrt.dll
0x00007ffa04400000 - 0x00007ffa0450b000 	C:\WINDOWS\System32\gdi32full.dll
0x00007ffa047e0000 - 0x00007ffa0487d000 	C:\WINDOWS\System32\msvcp_win.dll
0x00007ffa06650000 - 0x00007ffa06680000 	C:\WINDOWS\System32\IMM32.DLL
0x00007ff9f90a0000 - 0x00007ff9f913b000 	C:\Program Files\Zulu\zulu\bin\msvcp140.dll
0x00007ff9b0a40000 - 0x00007ff9b15d5000 	C:\Program Files\Zulu\zulu\bin\server\jvm.dll
0x00007ffa055f0000 - 0x00007ffa0569c000 	C:\WINDOWS\System32\ADVAPI32.dll
0x00007ffa065b0000 - 0x00007ffa0664b000 	C:\WINDOWS\System32\sechost.dll
0x00007ffa06680000 - 0x00007ffa067ab000 	C:\WINDOWS\System32\RPCRT4.dll
0x00007ffa055e0000 - 0x00007ffa055e8000 	C:\WINDOWS\System32\PSAPI.DLL
0x00007ff9fe630000 - 0x00007ff9fe639000 	C:\WINDOWS\SYSTEM32\WSOCK32.dll
0x00007ff9f8f20000 - 0x00007ff9f8f47000 	C:\WINDOWS\SYSTEM32\WINMM.dll
0x00007ff9fe310000 - 0x00007ff9fe31a000 	C:\WINDOWS\SYSTEM32\VERSION.dll
0x00007ffa06890000 - 0x00007ffa068fb000 	C:\WINDOWS\System32\WS2_32.dll
0x00007ffa02c90000 - 0x00007ffa02ca2000 	C:\WINDOWS\SYSTEM32\kernel.appcore.dll
0x00007ff9fd880000 - 0x00007ff9fd88a000 	C:\Program Files\Zulu\zulu\bin\jimage.dll
0x00007ffa02a00000 - 0x00007ffa02be4000 	C:\WINDOWS\SYSTEM32\DBGHELP.DLL
0x00007ff9fcb30000 - 0x00007ff9fcb5c000 	C:\WINDOWS\SYSTEM32\dbgcore.DLL
0x00007ffa04900000 - 0x00007ffa04980000 	C:\WINDOWS\System32\bcryptPrimitives.dll
0x00007ff9f9650000 - 0x00007ff9f9675000 	C:\Program Files\Zulu\zulu\bin\java.dll
0x00007ff9f96c0000 - 0x00007ff9f96d6000 	C:\Program Files\Zulu\zulu\bin\zip.dll
0x00007ffa05e60000 - 0x00007ffa065a2000 	C:\WINDOWS\System32\SHELL32.dll
0x00007ffa02250000 - 0x00007ffa029e1000 	C:\WINDOWS\SYSTEM32\windows.storage.dll
0x00007ffa04c90000 - 0x00007ffa04fe5000 	C:\WINDOWS\System32\combase.dll
0x00007ffa03d10000 - 0x00007ffa03d3c000 	C:\WINDOWS\SYSTEM32\Wldp.dll
0x00007ffa06a10000 - 0x00007ffa06abe000 	C:\WINDOWS\System32\SHCORE.dll
0x00007ffa050b0000 - 0x00007ffa05105000 	C:\WINDOWS\System32\shlwapi.dll
0x00007ffa042b0000 - 0x00007ffa042cf000 	C:\WINDOWS\SYSTEM32\profapi.dll
0x00007ff9f9630000 - 0x00007ff9f9649000 	C:\Program Files\Zulu\zulu\bin\net.dll
0x00007ff9fb950000 - 0x00007ff9fba5b000 	C:\WINDOWS\SYSTEM32\WINHTTP.dll
0x00007ffa03a80000 - 0x00007ffa03aea000 	C:\WINDOWS\system32\mswsock.dll
0x00007ff9f9360000 - 0x00007ff9f9372000 	C:\Program Files\Zulu\zulu\bin\nio.dll
0x0000020a02c10000 - 0x0000020a02c13000 	C:\Users\jacki\.openjfx\cache\13\api-ms-win-core-console-l1-1-0.dll
0x0000020a02c20000 - 0x0000020a02c23000 	C:\Users\jacki\.openjfx\cache\13\api-ms-win-core-datetime-l1-1-0.dll
0x0000020a02c30000 - 0x0000020a02c33000 	C:\Users\jacki\.openjfx\cache\13\api-ms-win-core-debug-l1-1-0.dll
0x0000020a02c40000 - 0x0000020a02c43000 	C:\Users\jacki\.openjfx\cache\13\api-ms-win-core-errorhandling-l1-1-0.dll
0x0000020a02c50000 - 0x0000020a02c54000 	C:\Users\jacki\.openjfx\cache\13\api-ms-win-core-file-l1-1-0.dll
0x0000020a02c60000 - 0x0000020a02c63000 	C:\Users\jacki\.openjfx\cache\13\api-ms-win-core-file-l1-2-0.dll
0x0000020a02c70000 - 0x0000020a02c73000 	C:\Users\jacki\.openjfx\cache\13\api-ms-win-core-file-l2-1-0.dll
0x0000020a02c80000 - 0x0000020a02c83000 	C:\Users\jacki\.openjfx\cache\13\api-ms-win-core-handle-l1-1-0.dll
0x0000020a02c90000 - 0x0000020a02c93000 	C:\Users\jacki\.openjfx\cache\13\api-ms-win-core-heap-l1-1-0.dll
0x0000020a04b80000 - 0x0000020a04b83000 	C:\Users\jacki\.openjfx\cache\13\api-ms-win-core-interlocked-l1-1-0.dll
0x0000020a04b90000 - 0x0000020a04b93000 	C:\Users\jacki\.openjfx\cache\13\api-ms-win-core-libraryloader-l1-1-0.dll
0x0000020a04ba0000 - 0x0000020a04ba3000 	C:\Users\jacki\.openjfx\cache\13\api-ms-win-core-localization-l1-2-0.dll
0x0000020a04bb0000 - 0x0000020a04bb3000 	C:\Users\jacki\.openjfx\cache\13\api-ms-win-core-memory-l1-1-0.dll
0x0000020a04bc0000 - 0x0000020a04bc3000 	C:\Users\jacki\.openjfx\cache\13\api-ms-win-core-namedpipe-l1-1-0.dll
0x0000020a04bd0000 - 0x0000020a04bd3000 	C:\Users\jacki\.openjfx\cache\13\api-ms-win-core-processenvironment-l1-1-0.dll
0x0000020a04be0000 - 0x0000020a04be3000 	C:\Users\jacki\.openjfx\cache\13\api-ms-win-core-processthreads-l1-1-0.dll
0x0000020a04bf0000 - 0x0000020a04bf3000 	C:\Users\jacki\.openjfx\cache\13\api-ms-win-core-processthreads-l1-1-1.dll
0x0000020a04c00000 - 0x0000020a04c03000 	C:\Users\jacki\.openjfx\cache\13\api-ms-win-core-profile-l1-1-0.dll
0x0000020a04c10000 - 0x0000020a04c13000 	C:\Users\jacki\.openjfx\cache\13\api-ms-win-core-rtlsupport-l1-1-0.dll
0x0000020a04c20000 - 0x0000020a04c23000 	C:\Users\jacki\.openjfx\cache\13\api-ms-win-core-string-l1-1-0.dll
0x0000020a04c30000 - 0x0000020a04c33000 	C:\Users\jacki\.openjfx\cache\13\api-ms-win-core-synch-l1-1-0.dll
0x0000020a04c40000 - 0x0000020a04c43000 	C:\Users\jacki\.openjfx\cache\13\api-ms-win-core-synch-l1-2-0.dll
0x0000020a2b070000 - 0x0000020a2b073000 	C:\Users\jacki\.openjfx\cache\13\api-ms-win-core-sysinfo-l1-1-0.dll
0x0000020a2b080000 - 0x0000020a2b083000 	C:\Users\jacki\.openjfx\cache\13\api-ms-win-core-timezone-l1-1-0.dll
0x0000020a2b090000 - 0x0000020a2b093000 	C:\Users\jacki\.openjfx\cache\13\api-ms-win-core-util-l1-1-0.dll
0x0000020a2b0a0000 - 0x0000020a2b0a3000 	C:\Users\jacki\.openjfx\cache\13\api-ms-win-crt-conio-l1-1-0.dll
0x0000020a2b0b0000 - 0x0000020a2b0b4000 	C:\Users\jacki\.openjfx\cache\13\api-ms-win-crt-convert-l1-1-0.dll
0x0000020a2b0c0000 - 0x0000020a2b0c3000 	C:\Users\jacki\.openjfx\cache\13\api-ms-win-crt-environment-l1-1-0.dll
0x0000020a2b0d0000 - 0x0000020a2b0d3000 	C:\Users\jacki\.openjfx\cache\13\api-ms-win-crt-filesystem-l1-1-0.dll
0x0000020a2b0e0000 - 0x0000020a2b0e3000 	C:\Users\jacki\.openjfx\cache\13\api-ms-win-crt-heap-l1-1-0.dll
0x0000020a2b0f0000 - 0x0000020a2b0f3000 	C:\Users\jacki\.openjfx\cache\13\api-ms-win-crt-locale-l1-1-0.dll
0x0000020a2b100000 - 0x0000020a2b105000 	C:\Users\jacki\.openjfx\cache\13\api-ms-win-crt-math-l1-1-0.dll
0x0000020a2b110000 - 0x0000020a2b115000 	C:\Users\jacki\.openjfx\cache\13\api-ms-win-crt-multibyte-l1-1-0.dll
0x0000020a2b120000 - 0x0000020a2b130000 	C:\Users\jacki\.openjfx\cache\13\api-ms-win-crt-private-l1-1-0.dll
0x0000020a2b130000 - 0x0000020a2b133000 	C:\Users\jacki\.openjfx\cache\13\api-ms-win-crt-process-l1-1-0.dll
0x0000020a2b140000 - 0x0000020a2b144000 	C:\Users\jacki\.openjfx\cache\13\api-ms-win-crt-runtime-l1-1-0.dll
0x0000020a2b150000 - 0x0000020a2b154000 	C:\Users\jacki\.openjfx\cache\13\api-ms-win-crt-stdio-l1-1-0.dll
0x0000020a2b160000 - 0x0000020a2b164000 	C:\Users\jacki\.openjfx\cache\13\api-ms-win-crt-string-l1-1-0.dll
0x0000020a2b170000 - 0x0000020a2b173000 	C:\Users\jacki\.openjfx\cache\13\api-ms-win-crt-time-l1-1-0.dll
0x0000020a2b180000 - 0x0000020a2b183000 	C:\Users\jacki\.openjfx\cache\13\api-ms-win-crt-utility-l1-1-0.dll
0x00007ff9ba980000 - 0x00007ff9baa7c000 	C:\Users\jacki\.openjfx\cache\13\ucrtbase.dll
0x00007ff9fd890000 - 0x00007ff9fd8a5000 	C:\Users\jacki\.openjfx\cache\13\vcruntime140.dll
0x00007ff9c06d0000 - 0x00007ff9c076b000 	C:\Users\jacki\.openjfx\cache\13\msvcp140.dll
0x00007ff9ed4c0000 - 0x00007ff9ed511000 	C:\Users\jacki\.openjfx\cache\13\concrt140.dll
0x00007ff9fd180000 - 0x00007ff9fd1a3000 	C:\Users\jacki\.openjfx\cache\13\prism_d3d.dll
0x00007ff9c60a0000 - 0x00007ff9c626e000 	C:\WINDOWS\system32\d3d9.dll
0x00007ffa01ea0000 - 0x00007ffa01ecf000 	C:\WINDOWS\SYSTEM32\dwmapi.dll
0x00007ffa01af0000 - 0x00007ffa01b8e000 	C:\WINDOWS\system32\uxtheme.dll
0x00007ff9b1d00000 - 0x00007ff9b1e63000 	C:\WINDOWS\System32\DriverStore\FileRepository\iigd_dch.inf_amd64_a086f01cc7be643a\igdumdim64.dll
0x00007ff974750000 - 0x00007ff978154000 	C:\WINDOWS\System32\DriverStore\FileRepository\iigd_dch.inf_amd64_a086f01cc7be643a\igd9dxva64.dll
0x00007ffa056b0000 - 0x00007ffa057da000 	C:\WINDOWS\System32\ole32.dll
0x00007ffa05310000 - 0x00007ffa053dd000 	C:\WINDOWS\System32\OLEAUT32.dll
0x00007ffa059f0000 - 0x00007ffa05e59000 	C:\WINDOWS\System32\SETUPAPI.dll
0x00007ffa048b0000 - 0x00007ffa048fe000 	C:\WINDOWS\System32\cfgmgr32.dll
0x00007ffa04880000 - 0x00007ffa048a7000 	C:\WINDOWS\System32\bcrypt.dll
0x00007ff9e4110000 - 0x00007ff9e434f000 	C:\WINDOWS\System32\DriverStore\FileRepository\iigd_dch.inf_amd64_a086f01cc7be643a\igdgmm64.dll
0x00007ff9df1b0000 - 0x00007ff9df1f5000 	C:\Users\jacki\.openjfx\cache\13\glass.dll
0x00007ffa067b0000 - 0x00007ffa0688a000 	C:\WINDOWS\System32\COMDLG32.dll
0x00007ffa06ac0000 - 0x00007ffa06bd5000 	C:\WINDOWS\System32\MSCTF.dll
0x00007ff9c0e60000 - 0x00007ff9c0e87000 	C:\WINDOWS\System32\DriverStore\FileRepository\iigd_dch.inf_amd64_a086f01cc7be643a\igdinfo64.dll
0x00007ff9e1210000 - 0x00007ff9e3e72000 	C:\WINDOWS\System32\DriverStore\FileRepository\iigd_dch.inf_amd64_a086f01cc7be643a\igc64.dll
0x00007ff9e5a60000 - 0x00007ff9e5a9b000 	C:\WINDOWS\SYSTEM32\dxcore.dll
0x00007ff9efc80000 - 0x00007ff9efc94000 	C:\Users\jacki\.openjfx\cache\13\javafx_font.dll
0x00007ff9e3e80000 - 0x00007ff9e40ff000 	C:\WINDOWS\SYSTEM32\dwrite.dll
0x00007ffa05140000 - 0x00007ffa051e9000 	C:\WINDOWS\System32\clbcatq.dll
0x00007ff9e7880000 - 0x00007ff9e7a34000 	C:\WINDOWS\SYSTEM32\WindowsCodecs.dll
0x00007ff9d5b10000 - 0x00007ff9d5b4e000 	C:\WINDOWS\system32\dataexchange.dll
0x00007ff9fff50000 - 0x00007ffa001b4000 	C:\WINDOWS\system32\d3d11.dll
0x00007ffa00db0000 - 0x00007ffa00f95000 	C:\WINDOWS\system32\dcomp.dll
0x00007ffa02cb0000 - 0x00007ffa02da3000 	C:\WINDOWS\system32\dxgi.dll
0x00007ff9fbb50000 - 0x00007ff9fbd51000 	C:\WINDOWS\system32\twinapi.appcore.dll
0x00007ff9df610000 - 0x00007ff9df644000 	C:\Program Files\Common Files\Microsoft Shared\Ink\rtscom.dll
0x00007ff9e7c50000 - 0x00007ff9e7d49000 	C:\WINDOWS\SYSTEM32\textinputframework.dll
0x00007ffa01370000 - 0x00007ffa016ce000 	C:\WINDOWS\System32\CoreUIComponents.dll
0x00007ffa016d0000 - 0x00007ffa017c2000 	C:\WINDOWS\System32\CoreMessaging.dll
0x00007ffa030b0000 - 0x00007ffa030e3000 	C:\WINDOWS\SYSTEM32\ntmarta.dll
0x00007ffa00c10000 - 0x00007ffa00d64000 	C:\WINDOWS\SYSTEM32\wintypes.dll

dbghelp: loaded successfully - version: 4.0.5 - missing functions: none
symbol engine: initialized successfully - sym options: 0x614 - pdb path: .;C:\Program Files\Zulu\zulu\bin;C:\WINDOWS\SYSTEM32;C:\WINDOWS\WinSxS\amd64_microsoft.windows.common-controls_6595b64144ccf1df_6.0.19041.844_none_ca00b6081b84eb1d;C:\Program Files\Zulu\zulu\bin\server;C:\Users\jacki\.openjfx\cache\13;C:\WINDOWS\System32\DriverStore\FileRepository\iigd_dch.inf_amd64_a086f01cc7be643a;C:\Program Files\Common Files\Microsoft Shared\Ink

VM Arguments:
jvm_args: --add-modules=javafx.controls,javafx.fxml,javafx.media --module-path=C:\Users\jacki\.gradle\caches\modules-2\files-2.1\org.openjfx\javafx-fxml\13\ee55786ffd820bb7c8dd43d127a54b1141639e29\javafx-fxml-13-win.jar;C:\Users\jacki\.gradle\caches\modules-2\files-2.1\org.openjfx\javafx-controls\13\7524fd4ab57de51637adb0e99f0220a1ae0ae4dd\javafx-controls-13-win.jar;C:\Users\jacki\.gradle\caches\modules-2\files-2.1\org.openjfx\javafx-media\13\fbdd1014600563e9f8950f8ba3d52264966e5c7b\javafx-media-13-win.jar;C:\Users\jacki\.gradle\caches\modules-2\files-2.1\org.openjfx\javafx-graphics\13\bbcbc616702a086567585183efcb0ab8eb22a66b\javafx-graphics-13-win.jar;C:\Users\jacki\.gradle\caches\modules-2\files-2.1\org.openjfx\javafx-base\13\6386f02a2b71d8b503c6ca3cd2d2dcb382ce86b4\javafx-base-13-win.jar -Dfile.encoding=windows-1252 -Duser.country=US -Duser.language=en -Duser.variant 
java_command: App
java_class_path (initial): C:\Users\jacki\OneDrive\Documents\GitHub\spring2021-team1\javafx_project_template\build\classes\java\main;C:\Users\jacki\OneDrive\Documents\GitHub\spring2021-team1\javafx_project_template\build\resources\main;C:\Users\jacki\.gradle\caches\modules-2\files-2.1\org.openjfx\javafx-fxml\13\ee55786ffd820bb7c8dd43d127a54b1141639e29\javafx-fxml-13-win.jar;C:\Users\jacki\.gradle\caches\modules-2\files-2.1\org.openjfx\javafx-controls\13\7524fd4ab57de51637adb0e99f0220a1ae0ae4dd\javafx-controls-13-win.jar;C:\Users\jacki\.gradle\caches\modules-2\files-2.1\org.openjfx\javafx-controls\13\6cd7169d2a729846c35fba9dc65af23a10ca253b\javafx-controls-13.jar;C:\Users\jacki\.gradle\caches\modules-2\files-2.1\org.openjfx\javafx-media\13\fbdd1014600563e9f8950f8ba3d52264966e5c7b\javafx-media-13-win.jar;C:\Users\jacki\.gradle\caches\modules-2\files-2.1\org.openjfx\javafx-graphics\13\bbcbc616702a086567585183efcb0ab8eb22a66b\javafx-graphics-13-win.jar;C:\Users\jacki\.gradle\caches\modules-2\files-2.1\org.openjfx\javafx-graphics\13\a9407212df2b75d557a509ec14a9e8e282494b4e\javafx-graphics-13.jar;C:\Users\jacki\.gradle\caches\modules-2\files-2.1\org.openjfx\javafx-base\13\6386f02a2b71d8b503c6ca3cd2d2dcb382ce86b4\javafx-base-13-win.jar;C:\Users\jacki\.gradle\caches\modules-2\files-2.1\org.openjfx\javafx-base\13\43c52e1d11b38514e9d2421ad98ca6a35de12b0\javafx-base-13.jar;C:\Users\jacki\.gradle\caches\modules-2\files-2.1\junit\junit\4.12\2973d150c0dc1fefe998f834810d68f278ea58ec\junit-4.12.jar;C:\Users\jacki\.gradle\caches\modules-2\files-2.1\org.hamcrest\hamcrest-core\1.3\42a25dc3219429f0e5d060061f71acb49bf010a0\hamcrest-core-1.3.jar
Launcher Type: SUN_STANDARD

[Global flags]
     intx CICompilerCount                          = 4                                         {product} {ergonomic}
     uint ConcGCThreads                            = 2                                         {product} {ergonomic}
     uint G1ConcRefinementThreads                  = 8                                         {product} {ergonomic}
   size_t G1HeapRegionSize                         = 1048576                                   {product} {ergonomic}
    uintx GCDrainStackTargetSize                   = 64                                        {product} {ergonomic}
   size_t InitialHeapSize                          = 266338304                                 {product} {ergonomic}
   size_t MarkStackSize                            = 4194304                                   {product} {ergonomic}
   size_t MaxHeapSize                              = 4229955584                                {product} {ergonomic}
   size_t MaxNewSize                               = 2537553920                                {product} {ergonomic}
   size_t MinHeapDeltaBytes                        = 1048576                                   {product} {ergonomic}
   size_t MinHeapSize                              = 8388608                                   {product} {ergonomic}
    uintx NonNMethodCodeHeapSize                   = 5839372                                {pd product} {ergonomic}
    uintx NonProfiledCodeHeapSize                  = 122909434                              {pd product} {ergonomic}
    uintx ProfiledCodeHeapSize                     = 122909434                              {pd product} {ergonomic}
    uintx ReservedCodeCacheSize                    = 251658240                              {pd product} {ergonomic}
     bool SegmentedCodeCache                       = true                                      {product} {ergonomic}
   size_t SoftMaxHeapSize                          = 4229955584                             {manageable} {ergonomic}
     bool UseCompressedClassPointers               = true                                 {lp64_product} {ergonomic}
     bool UseCompressedOops                        = true                                 {lp64_product} {ergonomic}
     bool UseG1GC                                  = true                                      {product} {ergonomic}
     bool UseLargePagesIndividualAllocation        = false                                  {pd product} {ergonomic}

Logging:
Log output configuration:
 #0: stdout all=warning uptime,level,tags
 #1: stderr all=off uptime,level,tags

Environment Variables:
CLASSPATH=C:\ProgramData\chocolatey\lib\gradle\tools\gradle-6.8\lib\gradle-launcher-6.8.jar
PATH=C:\WINDOWS\system32;C:\WINDOWS;C:\WINDOWS\System32\Wbem;C:\WINDOWS\System32\WindowsPowerShell\v1.0\;C:\WINDOWS\System32\OpenSSH\;C:\ProgramData\chocolatey\bin;C:\Program Files\Zulu\zulu\bin\;C:\Program Files\Microsoft VS Code\bin;C:\Program Files\Git\cmd;C:\Users\jacki\AppData\Local\Microsoft\WindowsApps;C:\Users\jacki\AppData\Local\Programs\Microsoft VS Code\bin;C:\Users\jacki\AppData\Local\GitHubDesktop\bin
USERNAME=jacki
OS=Windows_NT
PROCESSOR_IDENTIFIER=Intel64 Family 6 Model 126 Stepping 5, GenuineIntel



---------------  S Y S T E M  ---------------

OS: Windows 10 , 64 bit Build 19041 (10.0.19041.928)
OS uptime: 8 days 21:01 hours

CPU:total 8 (initial active 8) (4 cores per cpu, 2 threads per core) family 6 model 126 stepping 5, cmov, cx8, fxsr, mmx, sse, sse2, sse3, ssse3, sse4.1, sse4.2, popcnt, avx, avx2, aes, clmul, erms, 3dnowpref, lzcnt, ht, tsc, tscinvbit, bmi1, bmi2, adx, evex, sha, fma

Memory: 4k page, system-wide physical 16130M (403M free)
TotalPageFile size 46540M (AvailPageFile size 15M)
current process WorkingSet (physical memory assigned to process): 12225M, peak: 12416M
current process commit charge ("private bytes"): 30489M, peak: 30489M

vm_info: OpenJDK 64-Bit Server VM (14.0.2+12) for windows-amd64 JRE (14.0.2+12) (Zulu14.29+23-CA), built on Jul 10 2020 12:30:22 by "zulu_re" with MS VC++ 15.9 (VS2017)

END.
